   1              	 .cpu cortex-m0
   2              	 .eabi_attribute 20,1
   3              	 .eabi_attribute 21,1
   4              	 .eabi_attribute 23,3
   5              	 .eabi_attribute 24,1
   6              	 .eabi_attribute 25,1
   7              	 .eabi_attribute 26,1
   8              	 .eabi_attribute 30,6
   9              	 .eabi_attribute 34,0
  10              	 .eabi_attribute 18,4
  11              	 .file "main.c"
  12              	 .text
  13              	.Ltext0:
  14              	 .cfi_sections .debug_frame
  15              	 .section .text.main,"ax",%progbits
  16              	 .align 1
  17              	 .global main
  18              	 .arch armv6s-m
  19              	 .syntax unified
  20              	 .code 16
  21              	 .thumb_func
  22              	 .fpu softvfp
  24              	main:
  25              	.LFB41:
  26              	 .file 1 "../App/main.c"
   1:../App/main.c **** 
   2:../App/main.c **** #include <xmc_common.h>
   3:../App/main.c **** 
   4:../App/main.c **** 
   5:../App/main.c **** int main(void)
   6:../App/main.c **** {
  27              	 .loc 1 6 1
  28              	 .cfi_startproc
  29              	 
  30              	 
  31 0000 80B5     	 push {r7,lr}
  32              	.LCFI0:
  33              	 .cfi_def_cfa_offset 8
  34              	 .cfi_offset 7,-8
  35              	 .cfi_offset 14,-4
  36 0002 00AF     	 add r7,sp,#0
  37              	.LCFI1:
  38              	 .cfi_def_cfa_register 7
  39              	.L2:
   7:../App/main.c ****   while(1U)
  40              	 .loc 1 7 8 discriminator 1
  41 0004 FEE7     	 b .L2
  42              	 .cfi_endproc
  43              	.LFE41:
  45              	 .text
  46              	.Letext0:
  47              	 .file 2 "/usr/local/Caskroom/gcc-arm-embedded/9-2019-q4-major/gcc-arm-none-eabi-9-2019-q4-major/arm-none-eabi/include/machine/_default_types.h"
  48              	 .file 3 "/usr/local/Caskroom/gcc-arm-embedded/9-2019-q4-major/gcc-arm-none-eabi-9-2019-q4-major/arm-none-eabi/include/sys/_stdint.h"
  49              	 .file 4 "/usr/local/Caskroom/gcc-arm-embedded/9-2019-q4-major/gcc-arm-none-eabi-9-2019-q4-major/arm-none-eabi/include/sys/lock.h"
  50              	 .file 5 "/usr/local/Caskroom/gcc-arm-embedded/9-2019-q4-major/gcc-arm-none-eabi-9-2019-q4-major/arm-none-eabi/include/sys/_types.h"
  51              	 .file 6 "/usr/local/Caskroom/gcc-arm-embedded/9-2019-q4-major/gcc-arm-none-eabi-9-2019-q4-major/lib/gcc/arm-none-eabi/9.2.1/include/stddef.h"
  52              	 .file 7 "/usr/local/Caskroom/gcc-arm-embedded/9-2019-q4-major/gcc-arm-none-eabi-9-2019-q4-major/arm-none-eabi/include/sys/reent.h"
  53              	 .file 8 "..//Libraries/CMSIS/Infineon/XMC1300_series/Include/system_XMC1300.h"
DEFINED SYMBOLS
                            *ABS*:0000000000000000 main.c
    {standard input}:16     .text.main:0000000000000000 $t
    {standard input}:24     .text.main:0000000000000000 main

NO UNDEFINED SYMBOLS
