   1              	 .cpu cortex-m0
   2              	 .eabi_attribute 20,1
   3              	 .eabi_attribute 21,1
   4              	 .eabi_attribute 23,3
   5              	 .eabi_attribute 24,1
   6              	 .eabi_attribute 25,1
   7              	 .eabi_attribute 26,1
   8              	 .eabi_attribute 30,6
   9              	 .eabi_attribute 34,0
  10              	 .eabi_attribute 18,4
  11              	 .file "xmc1_gpio.c"
  12              	 .text
  13              	.Ltext0:
  14              	 .cfi_sections .debug_frame
  15              	 .section .text.XMC_GPIO_Init,"ax",%progbits
  16              	 .align 1
  17              	 .global XMC_GPIO_Init
  18              	 .arch armv6s-m
  19              	 .syntax unified
  20              	 .code 16
  21              	 .thumb_func
  22              	 .fpu softvfp
  24              	XMC_GPIO_Init:
  25              	.LFB51:
  26              	 .file 1 "../Libraries/XMCLib/src/xmc1_gpio.c"
   1:../Libraries/XMCLib/src/xmc1_gpio.c **** /**
   2:../Libraries/XMCLib/src/xmc1_gpio.c ****  * @file xmc1_gpio.c
   3:../Libraries/XMCLib/src/xmc1_gpio.c ****  * @date 2017-09-15
   4:../Libraries/XMCLib/src/xmc1_gpio.c ****  *
   5:../Libraries/XMCLib/src/xmc1_gpio.c ****  * @cond
   6:../Libraries/XMCLib/src/xmc1_gpio.c ****  **************************************************************************************************
   7:../Libraries/XMCLib/src/xmc1_gpio.c ****  * XMClib v2.1.18 - XMC Peripheral Driver Library 
   8:../Libraries/XMCLib/src/xmc1_gpio.c ****  *
   9:../Libraries/XMCLib/src/xmc1_gpio.c ****  * Copyright (c) 2015-2018, Infineon Technologies AG
  10:../Libraries/XMCLib/src/xmc1_gpio.c ****  * All rights reserved.                        
  11:../Libraries/XMCLib/src/xmc1_gpio.c ****  *                                             
  12:../Libraries/XMCLib/src/xmc1_gpio.c ****  * Redistribution and use in source and binary forms, with or without modification,are permitted pr
  13:../Libraries/XMCLib/src/xmc1_gpio.c ****  * following conditions are met:   
  14:../Libraries/XMCLib/src/xmc1_gpio.c ****  *                                                                              
  15:../Libraries/XMCLib/src/xmc1_gpio.c ****  * Redistributions of source code must retain the above copyright notice, this list of conditions a
  16:../Libraries/XMCLib/src/xmc1_gpio.c ****  * disclaimer.                        
  17:../Libraries/XMCLib/src/xmc1_gpio.c ****  * 
  18:../Libraries/XMCLib/src/xmc1_gpio.c ****  * Redistributions in binary form must reproduce the above copyright notice, this list of condition
  19:../Libraries/XMCLib/src/xmc1_gpio.c ****  * disclaimer in the documentation and/or other materials provided with the distribution.          
  20:../Libraries/XMCLib/src/xmc1_gpio.c ****  * 
  21:../Libraries/XMCLib/src/xmc1_gpio.c ****  * Neither the name of the copyright holders nor the names of its contributors may be used to endor
  22:../Libraries/XMCLib/src/xmc1_gpio.c ****  * products derived from this software without specific prior written permission.                  
  23:../Libraries/XMCLib/src/xmc1_gpio.c ****  *                                                                              
  24:../Libraries/XMCLib/src/xmc1_gpio.c ****  * THIS SOFTWARE IS PROVIDED BY THE COPYRIGHT HOLDERS AND CONTRIBUTORS "AS IS" AND ANY EXPRESS OR I
  25:../Libraries/XMCLib/src/xmc1_gpio.c ****  * INCLUDING, BUT NOT LIMITED TO, THE IMPLIED WARRANTIES OF MERCHANTABILITY AND FITNESS FOR A PARTI
  26:../Libraries/XMCLib/src/xmc1_gpio.c ****  * DISCLAIMED. IN NO EVENT SHALL THE COPYRIGHT HOLDER OR CONTRIBUTORS BE LIABLE  FOR ANY DIRECT, IN
  27:../Libraries/XMCLib/src/xmc1_gpio.c ****  * SPECIAL, EXEMPLARY, OR CONSEQUENTIAL DAMAGES (INCLUDING, BUT NOT LIMITED TO, PROCUREMENT OF SUBS
  28:../Libraries/XMCLib/src/xmc1_gpio.c ****  * SERVICES; LOSS OF USE, DATA, OR PROFITS; OR BUSINESS INTERRUPTION) HOWEVER CAUSED AND ON ANY THE
  29:../Libraries/XMCLib/src/xmc1_gpio.c ****  * WHETHER IN CONTRACT, STRICT LIABILITY,OR TORT (INCLUDING NEGLIGENCE OR OTHERWISE) ARISING IN ANY
  30:../Libraries/XMCLib/src/xmc1_gpio.c ****  * OF THIS SOFTWARE, EVEN IF ADVISED OF THE POSSIBILITY OF SUCH DAMAGE.                            
  31:../Libraries/XMCLib/src/xmc1_gpio.c ****  *                                                                              
  32:../Libraries/XMCLib/src/xmc1_gpio.c ****  * To improve the quality of the software, users are encouraged to share modifications, enhancement
  33:../Libraries/XMCLib/src/xmc1_gpio.c ****  * Infineon Technologies AG dave@infineon.com).                                                    
  34:../Libraries/XMCLib/src/xmc1_gpio.c ****  **************************************************************************************************
  35:../Libraries/XMCLib/src/xmc1_gpio.c ****  *
  36:../Libraries/XMCLib/src/xmc1_gpio.c ****  * Change History
  37:../Libraries/XMCLib/src/xmc1_gpio.c ****  * --------------
  38:../Libraries/XMCLib/src/xmc1_gpio.c ****  *
  39:../Libraries/XMCLib/src/xmc1_gpio.c ****  * 2015-02-20:
  40:../Libraries/XMCLib/src/xmc1_gpio.c ****  *     - Initial draft <br>
  41:../Libraries/XMCLib/src/xmc1_gpio.c ****  *      
  42:../Libraries/XMCLib/src/xmc1_gpio.c ****  * 2015-06-20:
  43:../Libraries/XMCLib/src/xmc1_gpio.c ****  *     - Removed version macros and declaration of GetDriverVersion API
  44:../Libraries/XMCLib/src/xmc1_gpio.c ****  *
  45:../Libraries/XMCLib/src/xmc1_gpio.c ****  * 2017-09-15:
  46:../Libraries/XMCLib/src/xmc1_gpio.c ****  *     - Fix side effects on output level when programming a pin as input after the same pin in ano
  47:../Libraries/XMCLib/src/xmc1_gpio.c ****  * 
  48:../Libraries/XMCLib/src/xmc1_gpio.c ****  * @endcond
  49:../Libraries/XMCLib/src/xmc1_gpio.c ****  *
  50:../Libraries/XMCLib/src/xmc1_gpio.c ****  */
  51:../Libraries/XMCLib/src/xmc1_gpio.c **** 
  52:../Libraries/XMCLib/src/xmc1_gpio.c **** #include "xmc_gpio.h"
  53:../Libraries/XMCLib/src/xmc1_gpio.c **** 
  54:../Libraries/XMCLib/src/xmc1_gpio.c **** #if UC_FAMILY == XMC1
  55:../Libraries/XMCLib/src/xmc1_gpio.c **** 
  56:../Libraries/XMCLib/src/xmc1_gpio.c **** /*******************************************************************************
  57:../Libraries/XMCLib/src/xmc1_gpio.c ****  * MACROS
  58:../Libraries/XMCLib/src/xmc1_gpio.c ****  *******************************************************************************/
  59:../Libraries/XMCLib/src/xmc1_gpio.c **** 
  60:../Libraries/XMCLib/src/xmc1_gpio.c **** #define PORT_PHCR_Msk             PORT0_PHCR0_PH0_Msk
  61:../Libraries/XMCLib/src/xmc1_gpio.c **** #define PORT_PHCR_Size            PORT0_PHCR0_PH0_Msk
  62:../Libraries/XMCLib/src/xmc1_gpio.c **** #define PORT_HWSEL_Msk            PORT0_HWSEL_HW0_Msk
  63:../Libraries/XMCLib/src/xmc1_gpio.c **** #define XMC_GPIO_MODE_OE          XMC_GPIO_MODE_OUTPUT_PUSH_PULL
  64:../Libraries/XMCLib/src/xmc1_gpio.c **** 
  65:../Libraries/XMCLib/src/xmc1_gpio.c **** /*******************************************************************************
  66:../Libraries/XMCLib/src/xmc1_gpio.c ****  * API IMPLEMENTATION
  67:../Libraries/XMCLib/src/xmc1_gpio.c ****  *******************************************************************************/
  68:../Libraries/XMCLib/src/xmc1_gpio.c **** 
  69:../Libraries/XMCLib/src/xmc1_gpio.c **** void XMC_GPIO_Init(XMC_GPIO_PORT_t *const port, const uint8_t pin, const XMC_GPIO_CONFIG_t *const c
  70:../Libraries/XMCLib/src/xmc1_gpio.c **** {
  27              	 .loc 1 70 1
  28              	 .cfi_startproc
  29              	 
  30              	 
  31 0000 90B5     	 push {r4,r7,lr}
  32              	.LCFI0:
  33              	 .cfi_def_cfa_offset 12
  34              	 .cfi_offset 4,-12
  35              	 .cfi_offset 7,-8
  36              	 .cfi_offset 14,-4
  37 0002 85B0     	 sub sp,sp,#20
  38              	.LCFI1:
  39              	 .cfi_def_cfa_offset 32
  40 0004 00AF     	 add r7,sp,#0
  41              	.LCFI2:
  42              	 .cfi_def_cfa_register 7
  43 0006 F860     	 str r0,[r7,#12]
  44 0008 7A60     	 str r2,[r7,#4]
  45 000a 0B24     	 movs r4,#11
  46 000c 3B19     	 adds r3,r7,r4
  47 000e 0A1C     	 adds r2,r1,#0
  48 0010 1A70     	 strb r2,[r3]
  71:../Libraries/XMCLib/src/xmc1_gpio.c ****   XMC_ASSERT("XMC_GPIO_Init: Invalid port", XMC_GPIO_CHECK_PORT(port));
  72:../Libraries/XMCLib/src/xmc1_gpio.c ****   XMC_ASSERT("XMC_GPIO_Init: Invalid mode", XMC_GPIO_IsModeValid(config->mode));
  73:../Libraries/XMCLib/src/xmc1_gpio.c ****   XMC_ASSERT("XMC_GPIO_Init: Invalid input hysteresis", XMC_GPIO_CHECK_INPUT_HYSTERESIS(config->inp
  74:../Libraries/XMCLib/src/xmc1_gpio.c ****   
  75:../Libraries/XMCLib/src/xmc1_gpio.c ****   /* Switch to input */
  76:../Libraries/XMCLib/src/xmc1_gpio.c ****   port->IOCR[pin >> 2U] &= ~(uint32_t)((uint32_t)PORT_IOCR_PC_Msk << (PORT_IOCR_PC_Size * (pin & 0x
  49              	 .loc 1 76 18
  50 0012 3B19     	 adds r3,r7,r4
  51 0014 1B78     	 ldrb r3,[r3]
  52 0016 9B08     	 lsrs r3,r3,#2
  53 0018 DBB2     	 uxtb r3,r3
  54 001a 1A00     	 movs r2,r3
  55              	 .loc 1 76 25
  56 001c FB68     	 ldr r3,[r7,#12]
  57 001e 0432     	 adds r2,r2,#4
  58 0020 9200     	 lsls r2,r2,#2
  59 0022 D358     	 ldr r3,[r2,r3]
  60              	 .loc 1 76 96
  61 0024 3A19     	 adds r2,r7,r4
  62 0026 1278     	 ldrb r2,[r2]
  63 0028 0321     	 movs r1,#3
  64 002a 0A40     	 ands r2,r1
  65              	 .loc 1 76 89
  66 002c D200     	 lsls r2,r2,#3
  67              	 .loc 1 76 29
  68 002e F821     	 movs r1,#248
  69 0030 9140     	 lsls r1,r1,r2
  70 0032 0A00     	 movs r2,r1
  71              	 .loc 1 76 28
  72 0034 D243     	 mvns r2,r2
  73              	 .loc 1 76 18
  74 0036 3919     	 adds r1,r7,r4
  75 0038 0978     	 ldrb r1,[r1]
  76 003a 8908     	 lsrs r1,r1,#2
  77 003c C9B2     	 uxtb r1,r1
  78 003e 0800     	 movs r0,r1
  79              	 .loc 1 76 25
  80 0040 1A40     	 ands r2,r3
  81 0042 1100     	 movs r1,r2
  82 0044 FB68     	 ldr r3,[r7,#12]
  83 0046 021D     	 adds r2,r0,#4
  84 0048 9200     	 lsls r2,r2,#2
  85 004a D150     	 str r1,[r2,r3]
  77:../Libraries/XMCLib/src/xmc1_gpio.c **** 
  78:../Libraries/XMCLib/src/xmc1_gpio.c ****   /* HW port control is disabled */
  79:../Libraries/XMCLib/src/xmc1_gpio.c ****   port->HWSEL &= ~(uint32_t)((uint32_t)PORT_HWSEL_Msk << ((uint32_t)pin << 1U));
  86              	 .loc 1 79 15
  87 004c FB68     	 ldr r3,[r7,#12]
  88 004e 5B6F     	 ldr r3,[r3,#116]
  89              	 .loc 1 79 59
  90 0050 3A19     	 adds r2,r7,r4
  91 0052 1278     	 ldrb r2,[r2]
  92              	 .loc 1 79 73
  93 0054 5200     	 lsls r2,r2,#1
  94              	 .loc 1 79 19
  95 0056 0321     	 movs r1,#3
  96 0058 9140     	 lsls r1,r1,r2
  97 005a 0A00     	 movs r2,r1
  98              	 .loc 1 79 18
  99 005c D243     	 mvns r2,r2
 100              	 .loc 1 79 15
 101 005e 1A40     	 ands r2,r3
 102 0060 FB68     	 ldr r3,[r7,#12]
 103 0062 5A67     	 str r2,[r3,#116]
  80:../Libraries/XMCLib/src/xmc1_gpio.c **** 
  81:../Libraries/XMCLib/src/xmc1_gpio.c ****   /* Set input hysteresis */
  82:../Libraries/XMCLib/src/xmc1_gpio.c ****   port->PHCR[(uint32_t)pin >> 3U] &= ~(uint32_t)((uint32_t)PORT_PHCR_Msk << ((uint32_t)PORT_PHCR_Si
 104              	 .loc 1 82 28
 105 0064 3B19     	 adds r3,r7,r4
 106 0066 1B78     	 ldrb r3,[r3]
 107 0068 DB08     	 lsrs r3,r3,#3
 108 006a DBB2     	 uxtb r3,r3
 109 006c 1A00     	 movs r2,r3
 110              	 .loc 1 82 35
 111 006e FB68     	 ldr r3,[r7,#12]
 112 0070 1032     	 adds r2,r2,#16
 113 0072 9200     	 lsls r2,r2,#2
 114 0074 D358     	 ldr r3,[r2,r3]
 115              	 .loc 1 82 120
 116 0076 3A19     	 adds r2,r7,r4
 117 0078 1278     	 ldrb r2,[r2]
 118 007a 0721     	 movs r1,#7
 119 007c 0A40     	 ands r2,r1
 120              	 .loc 1 82 103
 121 007e 9200     	 lsls r2,r2,#2
 122              	 .loc 1 82 39
 123 0080 0421     	 movs r1,#4
 124 0082 9140     	 lsls r1,r1,r2
 125 0084 0A00     	 movs r2,r1
 126              	 .loc 1 82 38
 127 0086 D243     	 mvns r2,r2
 128              	 .loc 1 82 28
 129 0088 3919     	 adds r1,r7,r4
 130 008a 0978     	 ldrb r1,[r1]
 131 008c C908     	 lsrs r1,r1,#3
 132 008e C9B2     	 uxtb r1,r1
 133 0090 0800     	 movs r0,r1
 134              	 .loc 1 82 35
 135 0092 1A40     	 ands r2,r3
 136 0094 1100     	 movs r1,r2
 137 0096 FB68     	 ldr r3,[r7,#12]
 138 0098 0200     	 movs r2,r0
 139 009a 1032     	 adds r2,r2,#16
 140 009c 9200     	 lsls r2,r2,#2
 141 009e D150     	 str r1,[r2,r3]
  83:../Libraries/XMCLib/src/xmc1_gpio.c ****   port->PHCR[(uint32_t)pin >> 3U] |= (uint32_t)config->input_hysteresis << ((uint32_t)PORT_PHCR_Siz
 142              	 .loc 1 83 28
 143 00a0 3B19     	 adds r3,r7,r4
 144 00a2 1B78     	 ldrb r3,[r3]
 145 00a4 DB08     	 lsrs r3,r3,#3
 146 00a6 DBB2     	 uxtb r3,r3
 147 00a8 1A00     	 movs r2,r3
 148              	 .loc 1 83 35
 149 00aa FB68     	 ldr r3,[r7,#12]
 150 00ac 1032     	 adds r2,r2,#16
 151 00ae 9200     	 lsls r2,r2,#2
 152 00b0 D258     	 ldr r2,[r2,r3]
 153              	 .loc 1 83 54
 154 00b2 7B68     	 ldr r3,[r7,#4]
 155 00b4 5B78     	 ldrb r3,[r3,#1]
 156              	 .loc 1 83 38
 157 00b6 1800     	 movs r0,r3
 158              	 .loc 1 83 119
 159 00b8 3B19     	 adds r3,r7,r4
 160 00ba 1B78     	 ldrb r3,[r3]
 161 00bc 0721     	 movs r1,#7
 162 00be 0B40     	 ands r3,r1
 163              	 .loc 1 83 102
 164 00c0 9B00     	 lsls r3,r3,#2
 165              	 .loc 1 83 73
 166 00c2 9840     	 lsls r0,r0,r3
 167 00c4 0300     	 movs r3,r0
 168              	 .loc 1 83 28
 169 00c6 3919     	 adds r1,r7,r4
 170 00c8 0978     	 ldrb r1,[r1]
 171 00ca C908     	 lsrs r1,r1,#3
 172 00cc C9B2     	 uxtb r1,r1
 173 00ce 0800     	 movs r0,r1
 174              	 .loc 1 83 35
 175 00d0 1A43     	 orrs r2,r3
 176 00d2 1100     	 movs r1,r2
 177 00d4 FB68     	 ldr r3,[r7,#12]
 178 00d6 0200     	 movs r2,r0
 179 00d8 1032     	 adds r2,r2,#16
 180 00da 9200     	 lsls r2,r2,#2
 181 00dc D150     	 str r1,[r2,r3]
  84:../Libraries/XMCLib/src/xmc1_gpio.c ****     
  85:../Libraries/XMCLib/src/xmc1_gpio.c ****   /* Enable digital input */
  86:../Libraries/XMCLib/src/xmc1_gpio.c ****   if (XMC_GPIO_CHECK_ANALOG_PORT(port))
 182              	 .loc 1 86 6
 183 00de FB68     	 ldr r3,[r7,#12]
 184 00e0 1F4A     	 ldr r2,.L4
 185 00e2 9342     	 cmp r3,r2
 186 00e4 0BD1     	 bne .L2
  87:../Libraries/XMCLib/src/xmc1_gpio.c ****   {    
  88:../Libraries/XMCLib/src/xmc1_gpio.c ****     port->PDISC &= ~(uint32_t)((uint32_t)0x1U << pin);
 187              	 .loc 1 88 17
 188 00e6 FB68     	 ldr r3,[r7,#12]
 189 00e8 1B6E     	 ldr r3,[r3,#96]
 190              	 .loc 1 88 21
 191 00ea 3A19     	 adds r2,r7,r4
 192 00ec 1278     	 ldrb r2,[r2]
 193 00ee 0121     	 movs r1,#1
 194 00f0 9140     	 lsls r1,r1,r2
 195 00f2 0A00     	 movs r2,r1
 196              	 .loc 1 88 20
 197 00f4 D243     	 mvns r2,r2
 198              	 .loc 1 88 17
 199 00f6 1A40     	 ands r2,r3
 200 00f8 FB68     	 ldr r3,[r7,#12]
 201 00fa 1A66     	 str r2,[r3,#96]
 202 00fc 0CE0     	 b .L3
 203              	.L2:
  89:../Libraries/XMCLib/src/xmc1_gpio.c ****   }
  90:../Libraries/XMCLib/src/xmc1_gpio.c ****   else 
  91:../Libraries/XMCLib/src/xmc1_gpio.c ****   {
  92:../Libraries/XMCLib/src/xmc1_gpio.c ****     if ((config->mode & XMC_GPIO_MODE_OE) != 0)
 204              	 .loc 1 92 16
 205 00fe 7B68     	 ldr r3,[r7,#4]
 206 0100 1B78     	 ldrb r3,[r3]
 207              	 .loc 1 92 43
 208 0102 5BB2     	 sxtb r3,r3
 209              	 .loc 1 92 8
 210 0104 002B     	 cmp r3,#0
 211 0106 07DA     	 bge .L3
  93:../Libraries/XMCLib/src/xmc1_gpio.c ****     {
  94:../Libraries/XMCLib/src/xmc1_gpio.c ****       /* If output is enabled */
  95:../Libraries/XMCLib/src/xmc1_gpio.c **** 
  96:../Libraries/XMCLib/src/xmc1_gpio.c ****       /* Set output level */
  97:../Libraries/XMCLib/src/xmc1_gpio.c ****       port->OMR = (uint32_t)config->output_level << pin;
 212              	 .loc 1 97 35
 213 0108 7B68     	 ldr r3,[r7,#4]
 214 010a 5A68     	 ldr r2,[r3,#4]
 215              	 .loc 1 97 50
 216 010c 0B23     	 movs r3,#11
 217 010e FB18     	 adds r3,r7,r3
 218 0110 1B78     	 ldrb r3,[r3]
 219 0112 9A40     	 lsls r2,r2,r3
 220              	 .loc 1 97 17
 221 0114 FB68     	 ldr r3,[r7,#12]
 222 0116 5A60     	 str r2,[r3,#4]
 223              	.L3:
  98:../Libraries/XMCLib/src/xmc1_gpio.c ****     }
  99:../Libraries/XMCLib/src/xmc1_gpio.c ****   }
 100:../Libraries/XMCLib/src/xmc1_gpio.c ****   
 101:../Libraries/XMCLib/src/xmc1_gpio.c ****   /* Set mode */
 102:../Libraries/XMCLib/src/xmc1_gpio.c ****   port->IOCR[pin >> 2U] |= (uint32_t)config->mode << (PORT_IOCR_PC_Size * (pin & 0x3U));
 224              	 .loc 1 102 18
 225 0118 0B21     	 movs r1,#11
 226 011a 7B18     	 adds r3,r7,r1
 227 011c 1B78     	 ldrb r3,[r3]
 228 011e 9B08     	 lsrs r3,r3,#2
 229 0120 DBB2     	 uxtb r3,r3
 230 0122 1A00     	 movs r2,r3
 231              	 .loc 1 102 25
 232 0124 FB68     	 ldr r3,[r7,#12]
 233 0126 0432     	 adds r2,r2,#4
 234 0128 9200     	 lsls r2,r2,#2
 235 012a D258     	 ldr r2,[r2,r3]
 236              	 .loc 1 102 44
 237 012c 7B68     	 ldr r3,[r7,#4]
 238 012e 1B78     	 ldrb r3,[r3]
 239              	 .loc 1 102 28
 240 0130 1800     	 movs r0,r3
 241              	 .loc 1 102 80
 242 0132 0C00     	 movs r4,r1
 243 0134 7B18     	 adds r3,r7,r1
 244 0136 1B78     	 ldrb r3,[r3]
 245 0138 0321     	 movs r1,#3
 246 013a 0B40     	 ands r3,r1
 247              	 .loc 1 102 73
 248 013c DB00     	 lsls r3,r3,#3
 249              	 .loc 1 102 51
 250 013e 9840     	 lsls r0,r0,r3
 251 0140 0300     	 movs r3,r0
 252              	 .loc 1 102 18
 253 0142 3919     	 adds r1,r7,r4
 254 0144 0978     	 ldrb r1,[r1]
 255 0146 8908     	 lsrs r1,r1,#2
 256 0148 C9B2     	 uxtb r1,r1
 257 014a 0800     	 movs r0,r1
 258              	 .loc 1 102 25
 259 014c 1A43     	 orrs r2,r3
 260 014e 1100     	 movs r1,r2
 261 0150 FB68     	 ldr r3,[r7,#12]
 262 0152 021D     	 adds r2,r0,#4
 263 0154 9200     	 lsls r2,r2,#2
 264 0156 D150     	 str r1,[r2,r3]
 103:../Libraries/XMCLib/src/xmc1_gpio.c **** }
 265              	 .loc 1 103 1
 266 0158 C046     	 nop
 267 015a BD46     	 mov sp,r7
 268 015c 05B0     	 add sp,sp,#20
 269              	 
 270 015e 90BD     	 pop {r4,r7,pc}
 271              	.L5:
 272              	 .align 2
 273              	.L4:
 274 0160 00020440 	 .word 1074004480
 275              	 .cfi_endproc
 276              	.LFE51:
 278              	 .section .text.XMC_GPIO_SetInputHysteresis,"ax",%progbits
 279              	 .align 1
 280              	 .global XMC_GPIO_SetInputHysteresis
 281              	 .syntax unified
 282              	 .code 16
 283              	 .thumb_func
 284              	 .fpu softvfp
 286              	XMC_GPIO_SetInputHysteresis:
 287              	.LFB52:
 104:../Libraries/XMCLib/src/xmc1_gpio.c **** 
 105:../Libraries/XMCLib/src/xmc1_gpio.c **** void XMC_GPIO_SetInputHysteresis(XMC_GPIO_PORT_t *const port, 
 106:../Libraries/XMCLib/src/xmc1_gpio.c ****                                  const uint8_t pin, 
 107:../Libraries/XMCLib/src/xmc1_gpio.c ****                                  const XMC_GPIO_INPUT_HYSTERESIS_t hysteresis)
 108:../Libraries/XMCLib/src/xmc1_gpio.c **** {
 288              	 .loc 1 108 1
 289              	 .cfi_startproc
 290              	 
 291              	 
 292 0000 80B5     	 push {r7,lr}
 293              	.LCFI3:
 294              	 .cfi_def_cfa_offset 8
 295              	 .cfi_offset 7,-8
 296              	 .cfi_offset 14,-4
 297 0002 82B0     	 sub sp,sp,#8
 298              	.LCFI4:
 299              	 .cfi_def_cfa_offset 16
 300 0004 00AF     	 add r7,sp,#0
 301              	.LCFI5:
 302              	 .cfi_def_cfa_register 7
 303 0006 7860     	 str r0,[r7,#4]
 304 0008 0800     	 movs r0,r1
 305 000a 1100     	 movs r1,r2
 306 000c FB1C     	 adds r3,r7,#3
 307 000e 021C     	 adds r2,r0,#0
 308 0010 1A70     	 strb r2,[r3]
 309 0012 BB1C     	 adds r3,r7,#2
 310 0014 0A1C     	 adds r2,r1,#0
 311 0016 1A70     	 strb r2,[r3]
 109:../Libraries/XMCLib/src/xmc1_gpio.c ****   XMC_ASSERT("XMC_GPIO_SetInputHysteresis: Invalid port", XMC_GPIO_CHECK_PORT(port));
 110:../Libraries/XMCLib/src/xmc1_gpio.c ****   XMC_ASSERT("XMC_GPIO_SetInputHysteresis: Invalid input hysteresis", XMC_GPIO_CHECK_INPUT_HYSTERES
 111:../Libraries/XMCLib/src/xmc1_gpio.c **** 
 112:../Libraries/XMCLib/src/xmc1_gpio.c ****   port->PHCR[(uint32_t)pin >> 3U] &= ~(uint32_t)((uint32_t)PORT_PHCR_Msk << ((uint32_t)PORT_PHCR_Si
 312              	 .loc 1 112 28
 313 0018 FB1C     	 adds r3,r7,#3
 314 001a 1B78     	 ldrb r3,[r3]
 315 001c DB08     	 lsrs r3,r3,#3
 316 001e DBB2     	 uxtb r3,r3
 317 0020 1A00     	 movs r2,r3
 318              	 .loc 1 112 35
 319 0022 7B68     	 ldr r3,[r7,#4]
 320 0024 1032     	 adds r2,r2,#16
 321 0026 9200     	 lsls r2,r2,#2
 322 0028 D358     	 ldr r3,[r2,r3]
 323              	 .loc 1 112 120
 324 002a FA1C     	 adds r2,r7,#3
 325 002c 1278     	 ldrb r2,[r2]
 326 002e 0721     	 movs r1,#7
 327 0030 0A40     	 ands r2,r1
 328              	 .loc 1 112 103
 329 0032 9200     	 lsls r2,r2,#2
 330              	 .loc 1 112 39
 331 0034 0421     	 movs r1,#4
 332 0036 9140     	 lsls r1,r1,r2
 333 0038 0A00     	 movs r2,r1
 334              	 .loc 1 112 38
 335 003a D243     	 mvns r2,r2
 336              	 .loc 1 112 28
 337 003c F91C     	 adds r1,r7,#3
 338 003e 0978     	 ldrb r1,[r1]
 339 0040 C908     	 lsrs r1,r1,#3
 340 0042 C9B2     	 uxtb r1,r1
 341 0044 0800     	 movs r0,r1
 342              	 .loc 1 112 35
 343 0046 1A40     	 ands r2,r3
 344 0048 1100     	 movs r1,r2
 345 004a 7B68     	 ldr r3,[r7,#4]
 346 004c 0200     	 movs r2,r0
 347 004e 1032     	 adds r2,r2,#16
 348 0050 9200     	 lsls r2,r2,#2
 349 0052 D150     	 str r1,[r2,r3]
 113:../Libraries/XMCLib/src/xmc1_gpio.c ****   port->PHCR[(uint32_t)pin >> 3U] |= (uint32_t)hysteresis << ((uint32_t)PORT_PHCR_Size * ((uint32_t
 350              	 .loc 1 113 28
 351 0054 FB1C     	 adds r3,r7,#3
 352 0056 1B78     	 ldrb r3,[r3]
 353 0058 DB08     	 lsrs r3,r3,#3
 354 005a DBB2     	 uxtb r3,r3
 355 005c 1A00     	 movs r2,r3
 356              	 .loc 1 113 35
 357 005e 7B68     	 ldr r3,[r7,#4]
 358 0060 1032     	 adds r2,r2,#16
 359 0062 9200     	 lsls r2,r2,#2
 360 0064 D258     	 ldr r2,[r2,r3]
 361              	 .loc 1 113 38
 362 0066 BB1C     	 adds r3,r7,#2
 363 0068 1978     	 ldrb r1,[r3]
 364              	 .loc 1 113 105
 365 006a FB1C     	 adds r3,r7,#3
 366 006c 1B78     	 ldrb r3,[r3]
 367 006e 0720     	 movs r0,#7
 368 0070 0340     	 ands r3,r0
 369              	 .loc 1 113 88
 370 0072 9B00     	 lsls r3,r3,#2
 371              	 .loc 1 113 59
 372 0074 9940     	 lsls r1,r1,r3
 373 0076 0B00     	 movs r3,r1
 374              	 .loc 1 113 28
 375 0078 F91C     	 adds r1,r7,#3
 376 007a 0978     	 ldrb r1,[r1]
 377 007c C908     	 lsrs r1,r1,#3
 378 007e C9B2     	 uxtb r1,r1
 379 0080 0800     	 movs r0,r1
 380              	 .loc 1 113 35
 381 0082 1A43     	 orrs r2,r3
 382 0084 1100     	 movs r1,r2
 383 0086 7B68     	 ldr r3,[r7,#4]
 384 0088 0200     	 movs r2,r0
 385 008a 1032     	 adds r2,r2,#16
 386 008c 9200     	 lsls r2,r2,#2
 387 008e D150     	 str r1,[r2,r3]
 114:../Libraries/XMCLib/src/xmc1_gpio.c **** }
 388              	 .loc 1 114 1
 389 0090 C046     	 nop
 390 0092 BD46     	 mov sp,r7
 391 0094 02B0     	 add sp,sp,#8
 392              	 
 393 0096 80BD     	 pop {r7,pc}
 394              	 .cfi_endproc
 395              	.LFE52:
 397              	 .text
 398              	.Letext0:
 399              	 .file 2 "/usr/local/Caskroom/gcc-arm-embedded/9-2019-q4-major/gcc-arm-none-eabi-9-2019-q4-major/arm-none-eabi/include/machine/_default_types.h"
 400              	 .file 3 "/usr/local/Caskroom/gcc-arm-embedded/9-2019-q4-major/gcc-arm-none-eabi-9-2019-q4-major/arm-none-eabi/include/sys/_stdint.h"
 401              	 .file 4 "/usr/local/Caskroom/gcc-arm-embedded/9-2019-q4-major/gcc-arm-none-eabi-9-2019-q4-major/arm-none-eabi/include/sys/lock.h"
 402              	 .file 5 "/usr/local/Caskroom/gcc-arm-embedded/9-2019-q4-major/gcc-arm-none-eabi-9-2019-q4-major/arm-none-eabi/include/sys/_types.h"
 403              	 .file 6 "/usr/local/Caskroom/gcc-arm-embedded/9-2019-q4-major/gcc-arm-none-eabi-9-2019-q4-major/lib/gcc/arm-none-eabi/9.2.1/include/stddef.h"
 404              	 .file 7 "/usr/local/Caskroom/gcc-arm-embedded/9-2019-q4-major/gcc-arm-none-eabi-9-2019-q4-major/arm-none-eabi/include/sys/reent.h"
 405              	 .file 8 "..//Libraries/CMSIS/Infineon/XMC1300_series/Include/system_XMC1300.h"
 406              	 .file 9 "..//Libraries/XMCLib/inc/xmc_gpio.h"
 407              	 .file 10 "..//Libraries/XMCLib/inc/xmc1_gpio.h"
DEFINED SYMBOLS
                            *ABS*:0000000000000000 xmc1_gpio.c
    {standard input}:16     .text.XMC_GPIO_Init:0000000000000000 $t
    {standard input}:24     .text.XMC_GPIO_Init:0000000000000000 XMC_GPIO_Init
    {standard input}:274    .text.XMC_GPIO_Init:0000000000000160 $d
    {standard input}:279    .text.XMC_GPIO_SetInputHysteresis:0000000000000000 $t
    {standard input}:286    .text.XMC_GPIO_SetInputHysteresis:0000000000000000 XMC_GPIO_SetInputHysteresis

NO UNDEFINED SYMBOLS
