   1              	 .cpu cortex-m0
   2              	 .eabi_attribute 20,1
   3              	 .eabi_attribute 21,1
   4              	 .eabi_attribute 23,3
   5              	 .eabi_attribute 24,1
   6              	 .eabi_attribute 25,1
   7              	 .eabi_attribute 26,1
   8              	 .eabi_attribute 30,6
   9              	 .eabi_attribute 34,0
  10              	 .eabi_attribute 18,4
  11              	 .file "xmc_acmp.c"
  12              	 .text
  13              	.Ltext0:
  14              	 .cfi_sections .debug_frame
  15              	 .section .text.XMC_ACMP_Init,"ax",%progbits
  16              	 .align 1
  17              	 .global XMC_ACMP_Init
  18              	 .arch armv6s-m
  19              	 .syntax unified
  20              	 .code 16
  21              	 .thumb_func
  22              	 .fpu softvfp
  24              	XMC_ACMP_Init:
  25              	.LFB47:
  26              	 .file 1 "../Libraries/XMCLib/src/xmc_acmp.c"
   1:../Libraries/XMCLib/src/xmc_acmp.c **** /**
   2:../Libraries/XMCLib/src/xmc_acmp.c ****  * @file xmc_acmp.c
   3:../Libraries/XMCLib/src/xmc_acmp.c ****  * @date 2015-06-20
   4:../Libraries/XMCLib/src/xmc_acmp.c ****  *
   5:../Libraries/XMCLib/src/xmc_acmp.c ****  * @cond
   6:../Libraries/XMCLib/src/xmc_acmp.c ****  **************************************************************************************************
   7:../Libraries/XMCLib/src/xmc_acmp.c ****  * XMClib v2.1.18 - XMC Peripheral Driver Library 
   8:../Libraries/XMCLib/src/xmc_acmp.c ****  *
   9:../Libraries/XMCLib/src/xmc_acmp.c ****  * Copyright (c) 2015-2018, Infineon Technologies AG
  10:../Libraries/XMCLib/src/xmc_acmp.c ****  * All rights reserved.                        
  11:../Libraries/XMCLib/src/xmc_acmp.c ****  *                                             
  12:../Libraries/XMCLib/src/xmc_acmp.c ****  * Redistribution and use in source and binary forms, with or without modification,are permitted pr
  13:../Libraries/XMCLib/src/xmc_acmp.c ****  * following conditions are met:   
  14:../Libraries/XMCLib/src/xmc_acmp.c ****  *                                                                              
  15:../Libraries/XMCLib/src/xmc_acmp.c ****  * Redistributions of source code must retain the above copyright notice, this list of conditions a
  16:../Libraries/XMCLib/src/xmc_acmp.c ****  * disclaimer.                        
  17:../Libraries/XMCLib/src/xmc_acmp.c ****  * 
  18:../Libraries/XMCLib/src/xmc_acmp.c ****  * Redistributions in binary form must reproduce the above copyright notice, this list of condition
  19:../Libraries/XMCLib/src/xmc_acmp.c ****  * disclaimer in the documentation and/or other materials provided with the distribution.          
  20:../Libraries/XMCLib/src/xmc_acmp.c ****  * 
  21:../Libraries/XMCLib/src/xmc_acmp.c ****  * Neither the name of the copyright holders nor the names of its contributors may be used to endor
  22:../Libraries/XMCLib/src/xmc_acmp.c ****  * products derived from this software without specific prior written permission.                  
  23:../Libraries/XMCLib/src/xmc_acmp.c ****  *                                                                              
  24:../Libraries/XMCLib/src/xmc_acmp.c ****  * THIS SOFTWARE IS PROVIDED BY THE COPYRIGHT HOLDERS AND CONTRIBUTORS "AS IS" AND ANY EXPRESS OR I
  25:../Libraries/XMCLib/src/xmc_acmp.c ****  * INCLUDING, BUT NOT LIMITED TO, THE IMPLIED WARRANTIES OF MERCHANTABILITY AND FITNESS FOR A PARTI
  26:../Libraries/XMCLib/src/xmc_acmp.c ****  * DISCLAIMED. IN NO EVENT SHALL THE COPYRIGHT HOLDER OR CONTRIBUTORS BE LIABLE  FOR ANY DIRECT, IN
  27:../Libraries/XMCLib/src/xmc_acmp.c ****  * SPECIAL, EXEMPLARY, OR CONSEQUENTIAL DAMAGES (INCLUDING, BUT NOT LIMITED TO, PROCUREMENT OF SUBS
  28:../Libraries/XMCLib/src/xmc_acmp.c ****  * SERVICES; LOSS OF USE, DATA, OR PROFITS; OR BUSINESS INTERRUPTION) HOWEVER CAUSED AND ON ANY THE
  29:../Libraries/XMCLib/src/xmc_acmp.c ****  * WHETHER IN CONTRACT, STRICT LIABILITY,OR TORT (INCLUDING NEGLIGENCE OR OTHERWISE) ARISING IN ANY
  30:../Libraries/XMCLib/src/xmc_acmp.c ****  * OF THIS SOFTWARE, EVEN IF ADVISED OF THE POSSIBILITY OF SUCH DAMAGE.                            
  31:../Libraries/XMCLib/src/xmc_acmp.c ****  *                                                                              
  32:../Libraries/XMCLib/src/xmc_acmp.c ****  * To improve the quality of the software, users are encouraged to share modifications, enhancement
  33:../Libraries/XMCLib/src/xmc_acmp.c ****  * Infineon Technologies AG dave@infineon.com).                                                    
  34:../Libraries/XMCLib/src/xmc_acmp.c ****  **************************************************************************************************
  35:../Libraries/XMCLib/src/xmc_acmp.c ****  *
  36:../Libraries/XMCLib/src/xmc_acmp.c ****  * Change History
  37:../Libraries/XMCLib/src/xmc_acmp.c ****  * --------------
  38:../Libraries/XMCLib/src/xmc_acmp.c ****  *
  39:../Libraries/XMCLib/src/xmc_acmp.c ****  * 2014-12-10:
  40:../Libraries/XMCLib/src/xmc_acmp.c ****  *     - Initial <br>
  41:../Libraries/XMCLib/src/xmc_acmp.c ****  * 2015-02-20:
  42:../Libraries/XMCLib/src/xmc_acmp.c ****  *     - Removed unused declarations<br> 
  43:../Libraries/XMCLib/src/xmc_acmp.c ****  * 2015-05-08:
  44:../Libraries/XMCLib/src/xmc_acmp.c ****  *     - Fixed sequence problem of low power mode in XMC_ACMP_Init() API<br>
  45:../Libraries/XMCLib/src/xmc_acmp.c ****  *     - Fixed wrong register setting in XMC_ACMP_SetInput() API<br> 
  46:../Libraries/XMCLib/src/xmc_acmp.c ****  *     - Removed return type variable and by default comparator enable from XMC_ACMP_Init() API. <b
  47:../Libraries/XMCLib/src/xmc_acmp.c ****  *       Additional call to XMC_ACMP_EnableComparator() API needed to start Comparator after Init.<
  48:../Libraries/XMCLib/src/xmc_acmp.c ****  * 2015-06-04:
  49:../Libraries/XMCLib/src/xmc_acmp.c ****  *     - Removed return type variable and by default comparator enable from XMC_ACMP_Init() API. <b
  50:../Libraries/XMCLib/src/xmc_acmp.c ****  *     - Divided XMC_ACMP_SetInput into two 3 APIs to reduce the code size and complexity as stated
  51:../Libraries/XMCLib/src/xmc_acmp.c ****  *       (a)XMC_ACMP_EnableReferenceDivider <br>
  52:../Libraries/XMCLib/src/xmc_acmp.c ****  *       (b)XMC_ACMP_DisableReferenceDivider <br> 
  53:../Libraries/XMCLib/src/xmc_acmp.c ****  *       (c)XMC_ACMP_SetInput <br> 
  54:../Libraries/XMCLib/src/xmc_acmp.c ****  *     - Optimized enable and disable API's and moved to header file as static inline APIs.
  55:../Libraries/XMCLib/src/xmc_acmp.c ****  *     - XMC_ACMP_t typedef changed to structure which overrides the standard header file structure
  56:../Libraries/XMCLib/src/xmc_acmp.c ****  * 2015-06-20: 
  57:../Libraries/XMCLib/src/xmc_acmp.c ****  *     - Removed definition of GetDriverVersion API 
  58:../Libraries/XMCLib/src/xmc_acmp.c ****  * @endcond 
  59:../Libraries/XMCLib/src/xmc_acmp.c ****  *
  60:../Libraries/XMCLib/src/xmc_acmp.c ****  */
  61:../Libraries/XMCLib/src/xmc_acmp.c **** 
  62:../Libraries/XMCLib/src/xmc_acmp.c **** 
  63:../Libraries/XMCLib/src/xmc_acmp.c **** /**************************************************************************************************
  64:../Libraries/XMCLib/src/xmc_acmp.c ****  * HEADER FILES
  65:../Libraries/XMCLib/src/xmc_acmp.c ****  **************************************************************************************************
  66:../Libraries/XMCLib/src/xmc_acmp.c **** #include <xmc_acmp.h>
  67:../Libraries/XMCLib/src/xmc_acmp.c **** 
  68:../Libraries/XMCLib/src/xmc_acmp.c **** /* If ACMP is available*/
  69:../Libraries/XMCLib/src/xmc_acmp.c **** #if defined (COMPARATOR)
  70:../Libraries/XMCLib/src/xmc_acmp.c **** 
  71:../Libraries/XMCLib/src/xmc_acmp.c **** /**************************************************************************************************
  72:../Libraries/XMCLib/src/xmc_acmp.c ****  * MACROS
  73:../Libraries/XMCLib/src/xmc_acmp.c ****  **************************************************************************************************
  74:../Libraries/XMCLib/src/xmc_acmp.c **** 
  75:../Libraries/XMCLib/src/xmc_acmp.c **** #define XMC_ACMP_INSTANCE_1    (1U) /* Instance number for Slice-1 */
  76:../Libraries/XMCLib/src/xmc_acmp.c **** 
  77:../Libraries/XMCLib/src/xmc_acmp.c **** /**************************************************************************************************
  78:../Libraries/XMCLib/src/xmc_acmp.c ****  * API IMPLEMENTATION
  79:../Libraries/XMCLib/src/xmc_acmp.c ****  **************************************************************************************************
  80:../Libraries/XMCLib/src/xmc_acmp.c **** 
  81:../Libraries/XMCLib/src/xmc_acmp.c **** /* API to initialize an instance of ACMP module */
  82:../Libraries/XMCLib/src/xmc_acmp.c **** void XMC_ACMP_Init(XMC_ACMP_t *const peripheral, uint32_t instance, const XMC_ACMP_CONFIG_t *const 
  83:../Libraries/XMCLib/src/xmc_acmp.c **** {
  27              	 .loc 1 83 1
  28              	 .cfi_startproc
  29              	 
  30              	 
  31 0000 80B5     	 push {r7,lr}
  32              	.LCFI0:
  33              	 .cfi_def_cfa_offset 8
  34              	 .cfi_offset 7,-8
  35              	 .cfi_offset 14,-4
  36 0002 84B0     	 sub sp,sp,#16
  37              	.LCFI1:
  38              	 .cfi_def_cfa_offset 24
  39 0004 00AF     	 add r7,sp,#0
  40              	.LCFI2:
  41              	 .cfi_def_cfa_register 7
  42 0006 F860     	 str r0,[r7,#12]
  43 0008 B960     	 str r1,[r7,#8]
  44 000a 7A60     	 str r2,[r7,#4]
  84:../Libraries/XMCLib/src/xmc_acmp.c **** 
  85:../Libraries/XMCLib/src/xmc_acmp.c ****   XMC_ASSERT("XMC_ACMP_Init:NULL Configuration", (config != (XMC_ACMP_CONFIG_t *)NULL))
  86:../Libraries/XMCLib/src/xmc_acmp.c ****   XMC_ASSERT("XMC_ACMP_Init:Wrong module pointer", XMC_ACMP_CHECK_MODULE_PTR(peripheral))
  87:../Libraries/XMCLib/src/xmc_acmp.c ****   XMC_ASSERT("XMC_ACMP_Init:Wrong instance number", XMC_ACMP_CHECK_INSTANCE(instance) )
  88:../Libraries/XMCLib/src/xmc_acmp.c **** 
  89:../Libraries/XMCLib/src/xmc_acmp.c ****   /*
  90:../Libraries/XMCLib/src/xmc_acmp.c ****    * Initializes the comparator with configuration supplied. Low power node setting is retained dur
  91:../Libraries/XMCLib/src/xmc_acmp.c ****    * All the instances passed are handled with low power setting, to avoid conditional check for AC
  92:../Libraries/XMCLib/src/xmc_acmp.c ****    * This reduces the code size. No side effects, because this register bit field is empty for othe
  93:../Libraries/XMCLib/src/xmc_acmp.c ****    */
  94:../Libraries/XMCLib/src/xmc_acmp.c ****   peripheral->ANACMP[instance] = ((peripheral->ANACMP[instance] & (uint32_t)COMPARATOR_ANACMP0_CMP_
  45              	 .loc 1 94 54
  46 000c FA68     	 ldr r2,[r7,#12]
  47 000e BB68     	 ldr r3,[r7,#8]
  48 0010 0C49     	 ldr r1,.L2
  49 0012 8C46     	 mov ip,r1
  50 0014 6344     	 add r3,r3,ip
  51 0016 9B00     	 lsls r3,r3,#2
  52 0018 D318     	 adds r3,r2,r3
  53 001a 0433     	 adds r3,r3,#4
  54 001c 1A68     	 ldr r2,[r3]
  55              	 .loc 1 94 65
  56 001e 8023     	 movs r3,#128
  57 0020 5B00     	 lsls r3,r3,#1
  58 0022 1A40     	 ands r2,r3
  95:../Libraries/XMCLib/src/xmc_acmp.c ****                                  (uint32_t)config->anacmp;
  59              	 .loc 1 95 50
  60 0024 7B68     	 ldr r3,[r7,#4]
  61 0026 1B68     	 ldr r3,[r3]
  94:../Libraries/XMCLib/src/xmc_acmp.c ****                                  (uint32_t)config->anacmp;
  62              	 .loc 1 94 111
  63 0028 1A43     	 orrs r2,r3
  94:../Libraries/XMCLib/src/xmc_acmp.c ****                                  (uint32_t)config->anacmp;
  64              	 .loc 1 94 32
  65 002a F968     	 ldr r1,[r7,#12]
  66 002c BB68     	 ldr r3,[r7,#8]
  67 002e 0548     	 ldr r0,.L2
  68 0030 8446     	 mov ip,r0
  69 0032 6344     	 add r3,r3,ip
  70 0034 9B00     	 lsls r3,r3,#2
  71 0036 CB18     	 adds r3,r1,r3
  72 0038 0433     	 adds r3,r3,#4
  73 003a 1A60     	 str r2,[r3]
  96:../Libraries/XMCLib/src/xmc_acmp.c **** }
  74              	 .loc 1 96 1
  75 003c C046     	 nop
  76 003e BD46     	 mov sp,r7
  77 0040 04B0     	 add sp,sp,#16
  78              	 
  79 0042 80BD     	 pop {r7,pc}
  80              	.L3:
  81              	 .align 2
  82              	.L2:
  83 0044 D6020000 	 .word 726
  84              	 .cfi_endproc
  85              	.LFE47:
  87              	 .section .text.XMC_ACMP_SetInput,"ax",%progbits
  88              	 .align 1
  89              	 .global XMC_ACMP_SetInput
  90              	 .syntax unified
  91              	 .code 16
  92              	 .thumb_func
  93              	 .fpu softvfp
  95              	XMC_ACMP_SetInput:
  96              	.LFB48:
  97:../Libraries/XMCLib/src/xmc_acmp.c **** 
  98:../Libraries/XMCLib/src/xmc_acmp.c **** /* API to select INP source */
  99:../Libraries/XMCLib/src/xmc_acmp.c **** void XMC_ACMP_SetInput(XMC_ACMP_t *const peripheral, uint32_t instance, XMC_ACMP_INP_SOURCE_t sourc
 100:../Libraries/XMCLib/src/xmc_acmp.c **** {
  97              	 .loc 1 100 1
  98              	 .cfi_startproc
  99              	 
 100              	 
 101 0000 80B5     	 push {r7,lr}
 102              	.LCFI3:
 103              	 .cfi_def_cfa_offset 8
 104              	 .cfi_offset 7,-8
 105              	 .cfi_offset 14,-4
 106 0002 84B0     	 sub sp,sp,#16
 107              	.LCFI4:
 108              	 .cfi_def_cfa_offset 24
 109 0004 00AF     	 add r7,sp,#0
 110              	.LCFI5:
 111              	 .cfi_def_cfa_register 7
 112 0006 F860     	 str r0,[r7,#12]
 113 0008 B960     	 str r1,[r7,#8]
 114 000a FB1D     	 adds r3,r7,#7
 115 000c 1A70     	 strb r2,[r3]
 101:../Libraries/XMCLib/src/xmc_acmp.c ****   XMC_ASSERT("XMC_ACMP_SetInput:Wrong module pointer", XMC_ACMP_CHECK_MODULE_PTR(peripheral))
 102:../Libraries/XMCLib/src/xmc_acmp.c ****   XMC_ASSERT("XMC_ACMP_SetInput:Wrong instance number", ((instance != XMC_ACMP_INSTANCE_1) &&
 103:../Libraries/XMCLib/src/xmc_acmp.c ****                                                           XMC_ACMP_CHECK_INSTANCE(instance)) )
 104:../Libraries/XMCLib/src/xmc_acmp.c ****   XMC_ASSERT("XMC_ACMP_SetInput:Wrong input source", ((source == XMC_ACMP_INP_SOURCE_STANDARD_PORT)
 105:../Libraries/XMCLib/src/xmc_acmp.c ****                                                       (source == XMC_ACMP_INP_SOURCE_ACMP1_INP_PORT
 106:../Libraries/XMCLib/src/xmc_acmp.c **** 
 107:../Libraries/XMCLib/src/xmc_acmp.c ****   /*
 108:../Libraries/XMCLib/src/xmc_acmp.c ****    * Three options of Input Setting are listed below
 109:../Libraries/XMCLib/src/xmc_acmp.c ****    * 1. The comparator inputs aren't connected to other comparator inputs
 110:../Libraries/XMCLib/src/xmc_acmp.c ****    * 2. Can program the comparators to connect ACMP0.INP to ACMP1.INP in XMC1200 AA or XMC1300 AA
 111:../Libraries/XMCLib/src/xmc_acmp.c ****    *    Can program the comparators to connect ACMP0.INN to ACMP1.INP in XMC1200 AB or XMC1300 AB o
 112:../Libraries/XMCLib/src/xmc_acmp.c ****    * 3. Can program the comparators to connect ACMP2.INP to ACMP1.INP
 113:../Libraries/XMCLib/src/xmc_acmp.c ****    * 4. Can program the comparators to connect ACMP3.INP to ACMP1.INP in XMC1400
 114:../Libraries/XMCLib/src/xmc_acmp.c ****    */
 115:../Libraries/XMCLib/src/xmc_acmp.c ****   peripheral->ANACMP[instance] = ((peripheral->ANACMP[instance] & (uint32_t)(~COMPARATOR_ANACMP0_AC
 116              	 .loc 1 115 54
 117 000e FA68     	 ldr r2,[r7,#12]
 118 0010 BB68     	 ldr r3,[r7,#8]
 119 0012 0D49     	 ldr r1,.L5
 120 0014 8C46     	 mov ip,r1
 121 0016 6344     	 add r3,r3,ip
 122 0018 9B00     	 lsls r3,r3,#2
 123 001a D318     	 adds r3,r2,r3
 124 001c 0433     	 adds r3,r3,#4
 125 001e 1B68     	 ldr r3,[r3]
 126              	 .loc 1 115 65
 127 0020 4022     	 movs r2,#64
 128 0022 9343     	 bics r3,r2
 129 0024 1A00     	 movs r2,r3
 116:../Libraries/XMCLib/src/xmc_acmp.c ****                                  (uint32_t)source;
 130              	 .loc 1 116 34
 131 0026 FB1D     	 adds r3,r7,#7
 132 0028 1B78     	 ldrb r3,[r3]
 115:../Libraries/XMCLib/src/xmc_acmp.c ****                                  (uint32_t)source;
 133              	 .loc 1 115 115
 134 002a 1A43     	 orrs r2,r3
 115:../Libraries/XMCLib/src/xmc_acmp.c ****                                  (uint32_t)source;
 135              	 .loc 1 115 32
 136 002c F968     	 ldr r1,[r7,#12]
 137 002e BB68     	 ldr r3,[r7,#8]
 138 0030 0548     	 ldr r0,.L5
 139 0032 8446     	 mov ip,r0
 140 0034 6344     	 add r3,r3,ip
 141 0036 9B00     	 lsls r3,r3,#2
 142 0038 CB18     	 adds r3,r1,r3
 143 003a 0433     	 adds r3,r3,#4
 144 003c 1A60     	 str r2,[r3]
 117:../Libraries/XMCLib/src/xmc_acmp.c **** }
 145              	 .loc 1 117 1
 146 003e C046     	 nop
 147 0040 BD46     	 mov sp,r7
 148 0042 04B0     	 add sp,sp,#16
 149              	 
 150 0044 80BD     	 pop {r7,pc}
 151              	.L6:
 152 0046 C046     	 .align 2
 153              	.L5:
 154 0048 D6020000 	 .word 726
 155              	 .cfi_endproc
 156              	.LFE48:
 158              	 .text
 159              	.Letext0:
 160              	 .file 2 "/usr/local/Caskroom/gcc-arm-embedded/9-2019-q4-major/gcc-arm-none-eabi-9-2019-q4-major/arm-none-eabi/include/machine/_default_types.h"
 161              	 .file 3 "/usr/local/Caskroom/gcc-arm-embedded/9-2019-q4-major/gcc-arm-none-eabi-9-2019-q4-major/arm-none-eabi/include/sys/_stdint.h"
 162              	 .file 4 "/usr/local/Caskroom/gcc-arm-embedded/9-2019-q4-major/gcc-arm-none-eabi-9-2019-q4-major/arm-none-eabi/include/sys/lock.h"
 163              	 .file 5 "/usr/local/Caskroom/gcc-arm-embedded/9-2019-q4-major/gcc-arm-none-eabi-9-2019-q4-major/arm-none-eabi/include/sys/_types.h"
 164              	 .file 6 "/usr/local/Caskroom/gcc-arm-embedded/9-2019-q4-major/gcc-arm-none-eabi-9-2019-q4-major/lib/gcc/arm-none-eabi/9.2.1/include/stddef.h"
 165              	 .file 7 "/usr/local/Caskroom/gcc-arm-embedded/9-2019-q4-major/gcc-arm-none-eabi-9-2019-q4-major/arm-none-eabi/include/sys/reent.h"
 166              	 .file 8 "..//Libraries/CMSIS/Infineon/XMC1300_series/Include/system_XMC1300.h"
 167              	 .file 9 "..//Libraries/XMCLib/inc/xmc_acmp.h"
DEFINED SYMBOLS
                            *ABS*:0000000000000000 xmc_acmp.c
    {standard input}:16     .text.XMC_ACMP_Init:0000000000000000 $t
    {standard input}:24     .text.XMC_ACMP_Init:0000000000000000 XMC_ACMP_Init
    {standard input}:83     .text.XMC_ACMP_Init:0000000000000044 $d
    {standard input}:88     .text.XMC_ACMP_SetInput:0000000000000000 $t
    {standard input}:95     .text.XMC_ACMP_SetInput:0000000000000000 XMC_ACMP_SetInput
    {standard input}:154    .text.XMC_ACMP_SetInput:0000000000000048 $d

NO UNDEFINED SYMBOLS
