   1              	 .cpu cortex-m0
   2              	 .eabi_attribute 20,1
   3              	 .eabi_attribute 21,1
   4              	 .eabi_attribute 23,3
   5              	 .eabi_attribute 24,1
   6              	 .eabi_attribute 25,1
   7              	 .eabi_attribute 26,1
   8              	 .eabi_attribute 30,6
   9              	 .eabi_attribute 34,0
  10              	 .eabi_attribute 18,4
  11              	 .file "xmc_wdt.c"
  12              	 .text
  13              	.Ltext0:
  14              	 .cfi_sections .debug_frame
  15              	 .section .text.XMC_WDT_Enable,"ax",%progbits
  16              	 .align 1
  17              	 .global XMC_WDT_Enable
  18              	 .arch armv6s-m
  19              	 .syntax unified
  20              	 .code 16
  21              	 .thumb_func
  22              	 .fpu softvfp
  24              	XMC_WDT_Enable:
  25              	.LFB68:
  26              	 .file 1 "../Libraries/XMCLib/src/xmc_wdt.c"
   1:../Libraries/XMCLib/src/xmc_wdt.c **** /**
   2:../Libraries/XMCLib/src/xmc_wdt.c ****  * @file xmc_wdt.c
   3:../Libraries/XMCLib/src/xmc_wdt.c ****  * @date 2015-06-20
   4:../Libraries/XMCLib/src/xmc_wdt.c ****  *
   5:../Libraries/XMCLib/src/xmc_wdt.c ****  * @cond
   6:../Libraries/XMCLib/src/xmc_wdt.c ****  **************************************************************************************************
   7:../Libraries/XMCLib/src/xmc_wdt.c ****  * XMClib v2.1.18 - XMC Peripheral Driver Library
   8:../Libraries/XMCLib/src/xmc_wdt.c ****  *
   9:../Libraries/XMCLib/src/xmc_wdt.c ****  * Copyright (c) 2015-2018, Infineon Technologies AG
  10:../Libraries/XMCLib/src/xmc_wdt.c ****  * All rights reserved.                        
  11:../Libraries/XMCLib/src/xmc_wdt.c ****  *                                             
  12:../Libraries/XMCLib/src/xmc_wdt.c ****  * Redistribution and use in source and binary forms, with or without modification,are permitted pr
  13:../Libraries/XMCLib/src/xmc_wdt.c ****  * following conditions are met:   
  14:../Libraries/XMCLib/src/xmc_wdt.c ****  *                                                                              
  15:../Libraries/XMCLib/src/xmc_wdt.c ****  * Redistributions of source code must retain the above copyright notice, this list of conditions a
  16:../Libraries/XMCLib/src/xmc_wdt.c ****  * disclaimer.                        
  17:../Libraries/XMCLib/src/xmc_wdt.c ****  * 
  18:../Libraries/XMCLib/src/xmc_wdt.c ****  * Redistributions in binary form must reproduce the above copyright notice, this list of condition
  19:../Libraries/XMCLib/src/xmc_wdt.c ****  * disclaimer in the documentation and/or other materials provided with the distribution.          
  20:../Libraries/XMCLib/src/xmc_wdt.c ****  * 
  21:../Libraries/XMCLib/src/xmc_wdt.c ****  * Neither the name of the copyright holders nor the names of its contributors may be used to endor
  22:../Libraries/XMCLib/src/xmc_wdt.c ****  * products derived from this software without specific prior written permission.                  
  23:../Libraries/XMCLib/src/xmc_wdt.c ****  *                                                                              
  24:../Libraries/XMCLib/src/xmc_wdt.c ****  * THIS SOFTWARE IS PROVIDED BY THE COPYRIGHT HOLDERS AND CONTRIBUTORS "AS IS" AND ANY EXPRESS OR I
  25:../Libraries/XMCLib/src/xmc_wdt.c ****  * INCLUDING, BUT NOT LIMITED TO, THE IMPLIED WARRANTIES OF MERCHANTABILITY AND FITNESS FOR A PARTI
  26:../Libraries/XMCLib/src/xmc_wdt.c ****  * DISCLAIMED. IN NO EVENT SHALL THE COPYRIGHT HOLDER OR CONTRIBUTORS BE LIABLE  FOR ANY DIRECT, IN
  27:../Libraries/XMCLib/src/xmc_wdt.c ****  * SPECIAL, EXEMPLARY, OR CONSEQUENTIAL DAMAGES (INCLUDING, BUT NOT LIMITED TO, PROCUREMENT OF SUBS
  28:../Libraries/XMCLib/src/xmc_wdt.c ****  * SERVICES; LOSS OF USE, DATA, OR PROFITS; OR BUSINESS INTERRUPTION) HOWEVER CAUSED AND ON ANY THE
  29:../Libraries/XMCLib/src/xmc_wdt.c ****  * WHETHER IN CONTRACT, STRICT LIABILITY,OR TORT (INCLUDING NEGLIGENCE OR OTHERWISE) ARISING IN ANY
  30:../Libraries/XMCLib/src/xmc_wdt.c ****  * OF THIS SOFTWARE, EVEN IF ADVISED OF THE POSSIBILITY OF SUCH DAMAGE.                            
  31:../Libraries/XMCLib/src/xmc_wdt.c ****  *                                                                              
  32:../Libraries/XMCLib/src/xmc_wdt.c ****  * To improve the quality of the software, users are encouraged to share modifications, enhancement
  33:../Libraries/XMCLib/src/xmc_wdt.c ****  * Infineon Technologies AG dave@infineon.com).                                                    
  34:../Libraries/XMCLib/src/xmc_wdt.c ****  **************************************************************************************************
  35:../Libraries/XMCLib/src/xmc_wdt.c ****  *
  36:../Libraries/XMCLib/src/xmc_wdt.c ****  * Change History
  37:../Libraries/XMCLib/src/xmc_wdt.c ****  * --------------
  38:../Libraries/XMCLib/src/xmc_wdt.c ****  *
  39:../Libraries/XMCLib/src/xmc_wdt.c ****  * 2015-02-20:
  40:../Libraries/XMCLib/src/xmc_wdt.c ****  *     - Initial <br>
  41:../Libraries/XMCLib/src/xmc_wdt.c ****  *
  42:../Libraries/XMCLib/src/xmc_wdt.c ****  * 2015-06-20:
  43:../Libraries/XMCLib/src/xmc_wdt.c ****  *     - Removed definition of GetDriverVersion API <br>
  44:../Libraries/XMCLib/src/xmc_wdt.c ****  *
  45:../Libraries/XMCLib/src/xmc_wdt.c ****  * @endcond
  46:../Libraries/XMCLib/src/xmc_wdt.c ****  */
  47:../Libraries/XMCLib/src/xmc_wdt.c ****  
  48:../Libraries/XMCLib/src/xmc_wdt.c **** /**************************************************************************************************
  49:../Libraries/XMCLib/src/xmc_wdt.c ****  * HEADER FILES
  50:../Libraries/XMCLib/src/xmc_wdt.c ****  **************************************************************************************************
  51:../Libraries/XMCLib/src/xmc_wdt.c **** #include "xmc_wdt.h"
  52:../Libraries/XMCLib/src/xmc_wdt.c **** #include "xmc_scu.h"
  53:../Libraries/XMCLib/src/xmc_wdt.c **** 
  54:../Libraries/XMCLib/src/xmc_wdt.c **** /**************************************************************************************************
  55:../Libraries/XMCLib/src/xmc_wdt.c ****  * API IMPLEMENTATION
  56:../Libraries/XMCLib/src/xmc_wdt.c ****   *************************************************************************************************
  57:../Libraries/XMCLib/src/xmc_wdt.c **** 
  58:../Libraries/XMCLib/src/xmc_wdt.c **** /* Enables watchdog clock and releases watchdog reset. */
  59:../Libraries/XMCLib/src/xmc_wdt.c **** void XMC_WDT_Enable(void)
  60:../Libraries/XMCLib/src/xmc_wdt.c **** {
  27              	 .loc 1 60 1
  28              	 .cfi_startproc
  29              	 
  30              	 
  31 0000 80B5     	 push {r7,lr}
  32              	.LCFI0:
  33              	 .cfi_def_cfa_offset 8
  34              	 .cfi_offset 7,-8
  35              	 .cfi_offset 14,-4
  36 0002 00AF     	 add r7,sp,#0
  37              	.LCFI1:
  38              	 .cfi_def_cfa_register 7
  61:../Libraries/XMCLib/src/xmc_wdt.c **** #if UC_FAMILY == XMC4
  62:../Libraries/XMCLib/src/xmc_wdt.c ****   XMC_SCU_CLOCK_EnableClock(XMC_SCU_CLOCK_WDT);
  63:../Libraries/XMCLib/src/xmc_wdt.c **** #endif
  64:../Libraries/XMCLib/src/xmc_wdt.c **** 
  65:../Libraries/XMCLib/src/xmc_wdt.c **** #if defined(CLOCK_GATING_SUPPORTED)
  66:../Libraries/XMCLib/src/xmc_wdt.c ****   XMC_SCU_CLOCK_UngatePeripheralClock(XMC_SCU_PERIPHERAL_CLOCK_WDT);
  39              	 .loc 1 66 3
  40 0004 8023     	 movs r3,#128
  41 0006 9B00     	 lsls r3,r3,#2
  42 0008 1800     	 movs r0,r3
  43 000a FFF7FEFF 	 bl XMC_SCU_CLOCK_UngatePeripheralClock
  67:../Libraries/XMCLib/src/xmc_wdt.c **** #endif
  68:../Libraries/XMCLib/src/xmc_wdt.c **** #if defined(PERIPHERAL_RESET_SUPPORTED)
  69:../Libraries/XMCLib/src/xmc_wdt.c ****   XMC_SCU_RESET_DeassertPeripheralReset(XMC_SCU_PERIPHERAL_RESET_WDT);
  70:../Libraries/XMCLib/src/xmc_wdt.c **** #endif  
  71:../Libraries/XMCLib/src/xmc_wdt.c **** }
  44              	 .loc 1 71 1
  45 000e C046     	 nop
  46 0010 BD46     	 mov sp,r7
  47              	 
  48 0012 80BD     	 pop {r7,pc}
  49              	 .cfi_endproc
  50              	.LFE68:
  52              	 .section .text.XMC_WDT_Disable,"ax",%progbits
  53              	 .align 1
  54              	 .global XMC_WDT_Disable
  55              	 .syntax unified
  56              	 .code 16
  57              	 .thumb_func
  58              	 .fpu softvfp
  60              	XMC_WDT_Disable:
  61              	.LFB69:
  72:../Libraries/XMCLib/src/xmc_wdt.c **** 
  73:../Libraries/XMCLib/src/xmc_wdt.c **** /* Disables watchdog clock and resets watchdog. */
  74:../Libraries/XMCLib/src/xmc_wdt.c **** void XMC_WDT_Disable(void)
  75:../Libraries/XMCLib/src/xmc_wdt.c **** {
  62              	 .loc 1 75 1
  63              	 .cfi_startproc
  64              	 
  65              	 
  66 0000 80B5     	 push {r7,lr}
  67              	.LCFI2:
  68              	 .cfi_def_cfa_offset 8
  69              	 .cfi_offset 7,-8
  70              	 .cfi_offset 14,-4
  71 0002 00AF     	 add r7,sp,#0
  72              	.LCFI3:
  73              	 .cfi_def_cfa_register 7
  76:../Libraries/XMCLib/src/xmc_wdt.c **** #if defined(PERIPHERAL_RESET_SUPPORTED)
  77:../Libraries/XMCLib/src/xmc_wdt.c ****   XMC_SCU_RESET_AssertPeripheralReset(XMC_SCU_PERIPHERAL_RESET_WDT);
  78:../Libraries/XMCLib/src/xmc_wdt.c **** #endif  
  79:../Libraries/XMCLib/src/xmc_wdt.c **** #if defined(CLOCK_GATING_SUPPORTED)
  80:../Libraries/XMCLib/src/xmc_wdt.c ****   XMC_SCU_CLOCK_GatePeripheralClock(XMC_SCU_PERIPHERAL_CLOCK_WDT); 
  74              	 .loc 1 80 3
  75 0004 8023     	 movs r3,#128
  76 0006 9B00     	 lsls r3,r3,#2
  77 0008 1800     	 movs r0,r3
  78 000a FFF7FEFF 	 bl XMC_SCU_CLOCK_GatePeripheralClock
  81:../Libraries/XMCLib/src/xmc_wdt.c **** #endif
  82:../Libraries/XMCLib/src/xmc_wdt.c **** 
  83:../Libraries/XMCLib/src/xmc_wdt.c **** #if UC_FAMILY == XMC4
  84:../Libraries/XMCLib/src/xmc_wdt.c ****   XMC_SCU_CLOCK_DisableClock(XMC_SCU_CLOCK_WDT);
  85:../Libraries/XMCLib/src/xmc_wdt.c **** #endif
  86:../Libraries/XMCLib/src/xmc_wdt.c **** }
  79              	 .loc 1 86 1
  80 000e C046     	 nop
  81 0010 BD46     	 mov sp,r7
  82              	 
  83 0012 80BD     	 pop {r7,pc}
  84              	 .cfi_endproc
  85              	.LFE69:
  87              	 .section .text.XMC_WDT_Init,"ax",%progbits
  88              	 .align 1
  89              	 .global XMC_WDT_Init
  90              	 .syntax unified
  91              	 .code 16
  92              	 .thumb_func
  93              	 .fpu softvfp
  95              	XMC_WDT_Init:
  96              	.LFB70:
  87:../Libraries/XMCLib/src/xmc_wdt.c **** /* Initializes and configures watchdog with configuration data pointed by \a config. */
  88:../Libraries/XMCLib/src/xmc_wdt.c **** void XMC_WDT_Init(const XMC_WDT_CONFIG_t *const config)
  89:../Libraries/XMCLib/src/xmc_wdt.c **** {
  97              	 .loc 1 89 1
  98              	 .cfi_startproc
  99              	 
 100              	 
 101 0000 80B5     	 push {r7,lr}
 102              	.LCFI4:
 103              	 .cfi_def_cfa_offset 8
 104              	 .cfi_offset 7,-8
 105              	 .cfi_offset 14,-4
 106 0002 82B0     	 sub sp,sp,#8
 107              	.LCFI5:
 108              	 .cfi_def_cfa_offset 16
 109 0004 00AF     	 add r7,sp,#0
 110              	.LCFI6:
 111              	 .cfi_def_cfa_register 7
 112 0006 7860     	 str r0,[r7,#4]
  90:../Libraries/XMCLib/src/xmc_wdt.c ****   XMC_WDT_Enable();
 113              	 .loc 1 90 3
 114 0008 FFF7FEFF 	 bl XMC_WDT_Enable
  91:../Libraries/XMCLib/src/xmc_wdt.c ****   WDT->CTR = config->wdt_ctr;
 115              	 .loc 1 91 6
 116 000c 074A     	 ldr r2,.L4
 117              	 .loc 1 91 20
 118 000e 7B68     	 ldr r3,[r7,#4]
 119 0010 9B68     	 ldr r3,[r3,#8]
 120              	 .loc 1 91 12
 121 0012 5360     	 str r3,[r2,#4]
  92:../Libraries/XMCLib/src/xmc_wdt.c ****   WDT->WLB = config->window_lower_bound;
 122              	 .loc 1 92 6
 123 0014 054A     	 ldr r2,.L4
 124              	 .loc 1 92 20
 125 0016 7B68     	 ldr r3,[r7,#4]
 126 0018 5B68     	 ldr r3,[r3,#4]
 127              	 .loc 1 92 12
 128 001a 1361     	 str r3,[r2,#16]
  93:../Libraries/XMCLib/src/xmc_wdt.c ****   WDT->WUB = config->window_upper_bound;
 129              	 .loc 1 93 6
 130 001c 034A     	 ldr r2,.L4
 131              	 .loc 1 93 20
 132 001e 7B68     	 ldr r3,[r7,#4]
 133 0020 1B68     	 ldr r3,[r3]
 134              	 .loc 1 93 12
 135 0022 5361     	 str r3,[r2,#20]
  94:../Libraries/XMCLib/src/xmc_wdt.c **** }
 136              	 .loc 1 94 1
 137 0024 C046     	 nop
 138 0026 BD46     	 mov sp,r7
 139 0028 02B0     	 add sp,sp,#8
 140              	 
 141 002a 80BD     	 pop {r7,pc}
 142              	.L5:
 143              	 .align 2
 144              	.L4:
 145 002c 00000240 	 .word 1073872896
 146              	 .cfi_endproc
 147              	.LFE70:
 149              	 .text
 150              	.Letext0:
 151              	 .file 2 "/usr/local/Caskroom/gcc-arm-embedded/9-2019-q4-major/gcc-arm-none-eabi-9-2019-q4-major/arm-none-eabi/include/machine/_default_types.h"
 152              	 .file 3 "/usr/local/Caskroom/gcc-arm-embedded/9-2019-q4-major/gcc-arm-none-eabi-9-2019-q4-major/arm-none-eabi/include/sys/_stdint.h"
 153              	 .file 4 "/usr/local/Caskroom/gcc-arm-embedded/9-2019-q4-major/gcc-arm-none-eabi-9-2019-q4-major/arm-none-eabi/include/sys/lock.h"
 154              	 .file 5 "/usr/local/Caskroom/gcc-arm-embedded/9-2019-q4-major/gcc-arm-none-eabi-9-2019-q4-major/arm-none-eabi/include/sys/_types.h"
 155              	 .file 6 "/usr/local/Caskroom/gcc-arm-embedded/9-2019-q4-major/gcc-arm-none-eabi-9-2019-q4-major/lib/gcc/arm-none-eabi/9.2.1/include/stddef.h"
 156              	 .file 7 "/usr/local/Caskroom/gcc-arm-embedded/9-2019-q4-major/gcc-arm-none-eabi-9-2019-q4-major/arm-none-eabi/include/sys/reent.h"
 157              	 .file 8 "..//Libraries/CMSIS/Infineon/XMC1300_series/Include/system_XMC1300.h"
 158              	 .file 9 "..//Libraries/CMSIS/Infineon/XMC1300_series/Include/XMC1300.h"
 159              	 .file 10 "..//Libraries/XMCLib/inc/xmc_wdt.h"
 160              	 .file 11 "..//Libraries/XMCLib/inc/xmc1_scu.h"
DEFINED SYMBOLS
                            *ABS*:0000000000000000 xmc_wdt.c
    {standard input}:16     .text.XMC_WDT_Enable:0000000000000000 $t
    {standard input}:24     .text.XMC_WDT_Enable:0000000000000000 XMC_WDT_Enable
    {standard input}:53     .text.XMC_WDT_Disable:0000000000000000 $t
    {standard input}:60     .text.XMC_WDT_Disable:0000000000000000 XMC_WDT_Disable
    {standard input}:88     .text.XMC_WDT_Init:0000000000000000 $t
    {standard input}:95     .text.XMC_WDT_Init:0000000000000000 XMC_WDT_Init
    {standard input}:145    .text.XMC_WDT_Init:000000000000002c $d

UNDEFINED SYMBOLS
XMC_SCU_CLOCK_UngatePeripheralClock
XMC_SCU_CLOCK_GatePeripheralClock
