   1              	 .cpu cortex-m0
   2              	 .eabi_attribute 20,1
   3              	 .eabi_attribute 21,1
   4              	 .eabi_attribute 23,3
   5              	 .eabi_attribute 24,1
   6              	 .eabi_attribute 25,1
   7              	 .eabi_attribute 26,1
   8              	 .eabi_attribute 30,6
   9              	 .eabi_attribute 34,0
  10              	 .eabi_attribute 18,4
  11              	 .file "xmc_ledts.c"
  12              	 .text
  13              	.Ltext0:
  14              	 .cfi_sections .debug_frame
  15              	.Letext0:
  16              	 .file 1 "/usr/local/Caskroom/gcc-arm-embedded/9-2019-q4-major/gcc-arm-none-eabi-9-2019-q4-major/arm-none-eabi/include/machine/_default_types.h"
  17              	 .file 2 "/usr/local/Caskroom/gcc-arm-embedded/9-2019-q4-major/gcc-arm-none-eabi-9-2019-q4-major/arm-none-eabi/include/sys/_stdint.h"
  18              	 .file 3 "/usr/local/Caskroom/gcc-arm-embedded/9-2019-q4-major/gcc-arm-none-eabi-9-2019-q4-major/arm-none-eabi/include/sys/lock.h"
  19              	 .file 4 "/usr/local/Caskroom/gcc-arm-embedded/9-2019-q4-major/gcc-arm-none-eabi-9-2019-q4-major/arm-none-eabi/include/sys/_types.h"
  20              	 .file 5 "/usr/local/Caskroom/gcc-arm-embedded/9-2019-q4-major/gcc-arm-none-eabi-9-2019-q4-major/lib/gcc/arm-none-eabi/9.2.1/include/stddef.h"
  21              	 .file 6 "/usr/local/Caskroom/gcc-arm-embedded/9-2019-q4-major/gcc-arm-none-eabi-9-2019-q4-major/arm-none-eabi/include/sys/reent.h"
  22              	 .file 7 "..//Libraries/CMSIS/Infineon/XMC1300_series/Include/system_XMC1300.h"
DEFINED SYMBOLS
                            *ABS*:0000000000000000 xmc_ledts.c

NO UNDEFINED SYMBOLS
