   1              	 .cpu cortex-m0
   2              	 .eabi_attribute 20,1
   3              	 .eabi_attribute 21,1
   4              	 .eabi_attribute 23,3
   5              	 .eabi_attribute 24,1
   6              	 .eabi_attribute 25,1
   7              	 .eabi_attribute 26,1
   8              	 .eabi_attribute 30,6
   9              	 .eabi_attribute 34,0
  10              	 .eabi_attribute 18,4
  11              	 .file "syscalls.c"
  12              	 .text
  13              	.Ltext0:
  14              	 .cfi_sections .debug_frame
  15              	 .weak __dso_handle
  16              	 .section .bss.__dso_handle,"aw",%nobits
  17              	 .align 2
  20              	__dso_handle:
  21 0000 00000000 	 .space 4
  22              	 .section .bss.heap_ptr.4499,"aw",%nobits
  23              	 .align 2
  26              	heap_ptr.4499:
  27 0000 00000000 	 .space 4
  28              	 .section .text._sbrk,"ax",%progbits
  29              	 .align 1
  30              	 .global _sbrk
  31              	 .arch armv6s-m
  32              	 .syntax unified
  33              	 .code 16
  34              	 .thumb_func
  35              	 .fpu softvfp
  37              	_sbrk:
  38              	.LFB0:
  39              	 .file 1 "../Libraries/Newlib/syscalls.c"
   1:../Libraries/Newlib/syscalls.c **** /**************************************************************************************************
   2:../Libraries/Newlib/syscalls.c ****  * @file     syscalls.c
   3:../Libraries/Newlib/syscalls.c ****  * @brief    Newlib stubs
   4:../Libraries/Newlib/syscalls.c ****  * @version  V1.6
   5:../Libraries/Newlib/syscalls.c ****  * @date     20 Apr 2017
   6:../Libraries/Newlib/syscalls.c ****  *
   7:../Libraries/Newlib/syscalls.c ****  * @cond
   8:../Libraries/Newlib/syscalls.c ****  **************************************************************************************************
   9:../Libraries/Newlib/syscalls.c ****  * Copyright (c) 2015-2017, Infineon Technologies AG
  10:../Libraries/Newlib/syscalls.c ****  * All rights reserved.
  11:../Libraries/Newlib/syscalls.c ****  *
  12:../Libraries/Newlib/syscalls.c ****  * Redistribution and use in source and binary forms, with or without modification,are permitted pr
  13:../Libraries/Newlib/syscalls.c ****  * following conditions are met:
  14:../Libraries/Newlib/syscalls.c ****  *
  15:../Libraries/Newlib/syscalls.c ****  * Redistributions of source code must retain the above copyright notice, this list of conditions a
  16:../Libraries/Newlib/syscalls.c ****  * disclaimer.
  17:../Libraries/Newlib/syscalls.c ****  *
  18:../Libraries/Newlib/syscalls.c ****  * Redistributions in binary form must reproduce the above copyright notice, this list of condition
  19:../Libraries/Newlib/syscalls.c ****  * disclaimer in the documentation and/or other materials provided with the distribution.
  20:../Libraries/Newlib/syscalls.c ****  *
  21:../Libraries/Newlib/syscalls.c ****  * Neither the name of the copyright holders nor the names of its contributors may be used to endor
  22:../Libraries/Newlib/syscalls.c ****  * products derived from this software without specific prior written permission.
  23:../Libraries/Newlib/syscalls.c ****  *
  24:../Libraries/Newlib/syscalls.c ****  * THIS SOFTWARE IS PROVIDED BY THE COPYRIGHT HOLDERS AND CONTRIBUTORS "AS IS" AND ANY EXPRESS OR I
  25:../Libraries/Newlib/syscalls.c ****  * INCLUDING, BUT NOT LIMITED TO, THE IMPLIED WARRANTIES OF MERCHANTABILITY AND FITNESS FOR A PARTI
  26:../Libraries/Newlib/syscalls.c ****  * DISCLAIMED. IN NO EVENT SHALL THE COPYRIGHT HOLDER OR CONTRIBUTORS BE LIABLE  FOR ANY DIRECT, IN
  27:../Libraries/Newlib/syscalls.c ****  * SPECIAL, EXEMPLARY, OR CONSEQUENTIAL DAMAGES (INCLUDING, BUT NOT LIMITED TO, PROCUREMENT OF SUBS
  28:../Libraries/Newlib/syscalls.c ****  * SERVICES; LOSS OF USE, DATA, OR PROFITS; OR BUSINESS INTERRUPTION) HOWEVER CAUSED AND ON ANY THE
  29:../Libraries/Newlib/syscalls.c ****  * WHETHER IN CONTRACT, STRICT LIABILITY,OR TORT (INCLUDING NEGLIGENCE OR OTHERWISE) ARISING IN ANY
  30:../Libraries/Newlib/syscalls.c ****  * OF THIS SOFTWARE, EVEN IF ADVISED OF THE POSSIBILITY OF SUCH DAMAGE.
  31:../Libraries/Newlib/syscalls.c ****  *
  32:../Libraries/Newlib/syscalls.c ****  * To improve the quality of the software, users are encouraged to share modifications, enhancement
  33:../Libraries/Newlib/syscalls.c ****  * Infineon Technologies AG dave@infineon.com).
  34:../Libraries/Newlib/syscalls.c ****  **************************************************************************************************
  35:../Libraries/Newlib/syscalls.c ****  *
  36:../Libraries/Newlib/syscalls.c ****  * *************************** Change history ********************************
  37:../Libraries/Newlib/syscalls.c ****  * V0.1                  : Initial version
  38:../Libraries/Newlib/syscalls.c ****  * V0.2                  : Label updates
  39:../Libraries/Newlib/syscalls.c ****  * V1.0                  : Made _sbrk device agnostic
  40:../Libraries/Newlib/syscalls.c ****  * V1.1                  : C++ support
  41:../Libraries/Newlib/syscalls.c ****  * V1.2                  : Restored compatibility with old project files
  42:../Libraries/Newlib/syscalls.c ****  * V1.3    Jan 2014, PKB : Encapsulating everything in this file for use only with GCC
  43:../Libraries/Newlib/syscalls.c ****  * V1.4 11 Dec 2015, JFT : Fix heap overflow
  44:../Libraries/Newlib/syscalls.c ****  * V1.5 09 Mar 2016, JFT : Add dso_handle to support destructors call at exit 
  45:../Libraries/Newlib/syscalls.c ****  * V1.6 20 Apr 2017, JFT : Foward declaration of __sbrk to fix link time optimization (-flto) compi
  46:../Libraries/Newlib/syscalls.c ****  * @endcond
  47:../Libraries/Newlib/syscalls.c ****  */
  48:../Libraries/Newlib/syscalls.c **** 
  49:../Libraries/Newlib/syscalls.c **** /*
  50:../Libraries/Newlib/syscalls.c ****  * This file contains stubs for standard C library functionality that must
  51:../Libraries/Newlib/syscalls.c ****  * typically be provided for the underlying platform.
  52:../Libraries/Newlib/syscalls.c ****  *
  53:../Libraries/Newlib/syscalls.c ****  */
  54:../Libraries/Newlib/syscalls.c **** #if defined ( __GNUC__ )
  55:../Libraries/Newlib/syscalls.c **** 
  56:../Libraries/Newlib/syscalls.c **** #include <stdint.h>
  57:../Libraries/Newlib/syscalls.c **** #include <errno.h>
  58:../Libraries/Newlib/syscalls.c **** #include <sys/types.h>
  59:../Libraries/Newlib/syscalls.c **** 
  60:../Libraries/Newlib/syscalls.c **** /* Forward prototypes.  */
  61:../Libraries/Newlib/syscalls.c **** caddr_t _sbrk(int nbytes) __attribute__((externally_visible));
  62:../Libraries/Newlib/syscalls.c **** void _init(void) __attribute__((externally_visible));
  63:../Libraries/Newlib/syscalls.c **** 
  64:../Libraries/Newlib/syscalls.c **** /* c++ destructor dynamic shared object needed if -fuse-cxa-atexit is used*/
  65:../Libraries/Newlib/syscalls.c **** void *__dso_handle __attribute__ ((weak));
  66:../Libraries/Newlib/syscalls.c **** 
  67:../Libraries/Newlib/syscalls.c **** // defined in linker script
  68:../Libraries/Newlib/syscalls.c **** extern caddr_t Heap_Bank1_Start;
  69:../Libraries/Newlib/syscalls.c **** extern caddr_t Heap_Bank1_End;
  70:../Libraries/Newlib/syscalls.c **** caddr_t _sbrk(int nbytes)
  71:../Libraries/Newlib/syscalls.c **** {
  40              	 .loc 1 71 1
  41              	 .cfi_startproc
  42              	 
  43              	 
  44 0000 80B5     	 push {r7,lr}
  45              	.LCFI0:
  46              	 .cfi_def_cfa_offset 8
  47              	 .cfi_offset 7,-8
  48              	 .cfi_offset 14,-4
  49 0002 84B0     	 sub sp,sp,#16
  50              	.LCFI1:
  51              	 .cfi_def_cfa_offset 24
  52 0004 00AF     	 add r7,sp,#0
  53              	.LCFI2:
  54              	 .cfi_def_cfa_register 7
  55 0006 7860     	 str r0,[r7,#4]
  72:../Libraries/Newlib/syscalls.c ****   static caddr_t heap_ptr = NULL;
  73:../Libraries/Newlib/syscalls.c ****   caddr_t base;
  74:../Libraries/Newlib/syscalls.c **** 
  75:../Libraries/Newlib/syscalls.c ****   if (heap_ptr == NULL) {
  56              	 .loc 1 75 16
  57 0008 144B     	 ldr r3,.L5
  58 000a 1B68     	 ldr r3,[r3]
  59              	 .loc 1 75 6
  60 000c 002B     	 cmp r3,#0
  61 000e 02D1     	 bne .L2
  76:../Libraries/Newlib/syscalls.c ****     heap_ptr = (caddr_t)&Heap_Bank1_Start;
  62              	 .loc 1 76 14
  63 0010 124B     	 ldr r3,.L5
  64 0012 134A     	 ldr r2,.L5+4
  65 0014 1A60     	 str r2,[r3]
  66              	.L2:
  77:../Libraries/Newlib/syscalls.c ****   }
  78:../Libraries/Newlib/syscalls.c **** 
  79:../Libraries/Newlib/syscalls.c ****   base = heap_ptr;
  67              	 .loc 1 79 8
  68 0016 114B     	 ldr r3,.L5
  69 0018 1B68     	 ldr r3,[r3]
  70 001a FB60     	 str r3,[r7,#12]
  80:../Libraries/Newlib/syscalls.c **** 
  81:../Libraries/Newlib/syscalls.c ****   /* heap word alignment */
  82:../Libraries/Newlib/syscalls.c ****   nbytes = (nbytes + 3) & ~0x3U;
  71              	 .loc 1 82 20
  72 001c 7B68     	 ldr r3,[r7,#4]
  73 001e 0333     	 adds r3,r3,#3
  74              	 .loc 1 82 10
  75 0020 0322     	 movs r2,#3
  76 0022 9343     	 bics r3,r2
  77 0024 7B60     	 str r3,[r7,#4]
  83:../Libraries/Newlib/syscalls.c ****   if ((caddr_t)&Heap_Bank1_End > (heap_ptr + nbytes))
  78              	 .loc 1 83 44
  79 0026 0D4B     	 ldr r3,.L5
  80 0028 1A68     	 ldr r2,[r3]
  81 002a 7B68     	 ldr r3,[r7,#4]
  82 002c D218     	 adds r2,r2,r3
  83              	 .loc 1 83 6
  84 002e 0D4B     	 ldr r3,.L5+8
  85 0030 9A42     	 cmp r2,r3
  86 0032 07D2     	 bcs .L3
  84:../Libraries/Newlib/syscalls.c ****   {
  85:../Libraries/Newlib/syscalls.c ****     heap_ptr += nbytes;
  87              	 .loc 1 85 14
  88 0034 094B     	 ldr r3,.L5
  89 0036 1A68     	 ldr r2,[r3]
  90 0038 7B68     	 ldr r3,[r7,#4]
  91 003a D218     	 adds r2,r2,r3
  92 003c 074B     	 ldr r3,.L5
  93 003e 1A60     	 str r2,[r3]
  86:../Libraries/Newlib/syscalls.c ****     return (base);
  94              	 .loc 1 86 12
  95 0040 FB68     	 ldr r3,[r7,#12]
  96 0042 06E0     	 b .L4
  97              	.L3:
  87:../Libraries/Newlib/syscalls.c ****   }
  88:../Libraries/Newlib/syscalls.c ****   else
  89:../Libraries/Newlib/syscalls.c ****   {
  90:../Libraries/Newlib/syscalls.c ****     /* Heap overflow */
  91:../Libraries/Newlib/syscalls.c ****     errno = ENOMEM;
  98              	 .loc 1 91 5
  99 0044 FFF7FEFF 	 bl __errno
 100 0048 0300     	 movs r3,r0
 101              	 .loc 1 91 11
 102 004a 0C22     	 movs r2,#12
 103 004c 1A60     	 str r2,[r3]
  92:../Libraries/Newlib/syscalls.c ****     return ((caddr_t)-1);
 104              	 .loc 1 92 12
 105 004e 0123     	 movs r3,#1
 106 0050 5B42     	 rsbs r3,r3,#0
 107              	.L4:
  93:../Libraries/Newlib/syscalls.c ****   }
  94:../Libraries/Newlib/syscalls.c **** }
 108              	 .loc 1 94 1
 109 0052 1800     	 movs r0,r3
 110 0054 BD46     	 mov sp,r7
 111 0056 04B0     	 add sp,sp,#16
 112              	 
 113 0058 80BD     	 pop {r7,pc}
 114              	.L6:
 115 005a C046     	 .align 2
 116              	.L5:
 117 005c 00000000 	 .word heap_ptr.4499
 118 0060 00000000 	 .word Heap_Bank1_Start
 119 0064 00000000 	 .word Heap_Bank1_End
 120              	 .cfi_endproc
 121              	.LFE0:
 123              	 .section .text._init,"ax",%progbits
 124              	 .align 1
 125              	 .global _init
 126              	 .syntax unified
 127              	 .code 16
 128              	 .thumb_func
 129              	 .fpu softvfp
 131              	_init:
 132              	.LFB1:
  95:../Libraries/Newlib/syscalls.c **** 
  96:../Libraries/Newlib/syscalls.c **** /* Init */
  97:../Libraries/Newlib/syscalls.c **** void _init(void)
  98:../Libraries/Newlib/syscalls.c **** {}
 133              	 .loc 1 98 1
 134              	 .cfi_startproc
 135              	 
 136              	 
 137 0000 80B5     	 push {r7,lr}
 138              	.LCFI3:
 139              	 .cfi_def_cfa_offset 8
 140              	 .cfi_offset 7,-8
 141              	 .cfi_offset 14,-4
 142 0002 00AF     	 add r7,sp,#0
 143              	.LCFI4:
 144              	 .cfi_def_cfa_register 7
 145              	 .loc 1 98 1
 146 0004 C046     	 nop
 147 0006 BD46     	 mov sp,r7
 148              	 
 149 0008 80BD     	 pop {r7,pc}
 150              	 .cfi_endproc
 151              	.LFE1:
 153              	 .text
 154              	.Letext0:
 155              	 .file 2 "/usr/local/Caskroom/gcc-arm-embedded/9-2019-q4-major/gcc-arm-none-eabi-9-2019-q4-major/arm-none-eabi/include/sys/lock.h"
 156              	 .file 3 "/usr/local/Caskroom/gcc-arm-embedded/9-2019-q4-major/gcc-arm-none-eabi-9-2019-q4-major/arm-none-eabi/include/sys/_types.h"
 157              	 .file 4 "/usr/local/Caskroom/gcc-arm-embedded/9-2019-q4-major/gcc-arm-none-eabi-9-2019-q4-major/lib/gcc/arm-none-eabi/9.2.1/include/stddef.h"
 158              	 .file 5 "/usr/local/Caskroom/gcc-arm-embedded/9-2019-q4-major/gcc-arm-none-eabi-9-2019-q4-major/arm-none-eabi/include/sys/reent.h"
 159              	 .file 6 "/usr/local/Caskroom/gcc-arm-embedded/9-2019-q4-major/gcc-arm-none-eabi-9-2019-q4-major/arm-none-eabi/include/sys/errno.h"
 160              	 .file 7 "/usr/local/Caskroom/gcc-arm-embedded/9-2019-q4-major/gcc-arm-none-eabi-9-2019-q4-major/arm-none-eabi/include/sys/types.h"
DEFINED SYMBOLS
                            *ABS*:0000000000000000 syscalls.c
    {standard input}:20     .bss.__dso_handle:0000000000000000 __dso_handle
    {standard input}:17     .bss.__dso_handle:0000000000000000 $d
    {standard input}:23     .bss.heap_ptr.4499:0000000000000000 $d
    {standard input}:26     .bss.heap_ptr.4499:0000000000000000 heap_ptr.4499
    {standard input}:29     .text._sbrk:0000000000000000 $t
    {standard input}:37     .text._sbrk:0000000000000000 _sbrk
    {standard input}:117    .text._sbrk:000000000000005c $d
    {standard input}:124    .text._init:0000000000000000 $t
    {standard input}:131    .text._init:0000000000000000 _init

UNDEFINED SYMBOLS
__errno
Heap_Bank1_Start
Heap_Bank1_End
